<?xml version="1.0" encoding="UTF-8"?>
<!-- Generated by org.testng.reporters.JUnitReportReporter -->
<testsuite hostname="lenovo-Komputer" failures="0" tests="1" name="api.payload.TeleportAPITest" time="2.662" errors="0" timestamp="2023-11-02T19:01:38 CET" skipped="0">
  <testcase classname="api.payload.TeleportAPITest" name="testAPIResponseCode" time="2.662"/>
  <system-out/>
</testsuite> <!-- api.payload.TeleportAPITest -->
