<?xml version="1.0" encoding="UTF-8"?>
<!-- Generated by org.testng.reporters.JUnitReportReporter -->
<testsuite hostname="lenovo-Komputer" failures="0" tests="1" name="apiTests.TeleportAPITest" time="2.960" errors="0" timestamp="2023-11-02T19:05:44 CET" skipped="0">
  <testcase classname="apiTests.TeleportAPITest" name="testAPIResponseCode" time="2.960"/>
  <system-out/>
</testsuite> <!-- apiTests.TeleportAPITest -->
