<?xml version="1.0" encoding="UTF-8"?>
<!-- Generated by org.testng.reporters.JUnitReportReporter -->
<testsuite hostname="lenovo-Komputer" failures="0" tests="1" name="api.endpoints.FBIWantedAPITest" time="2.558" errors="0" timestamp="2023-11-02T20:24:16 CET" skipped="0">
  <testcase classname="api.endpoints.FBIWantedAPITest" name="testGetAlternateNamesForMiamiCity" time="2.558"/>
  <system-out/>
</testsuite> <!-- api.endpoints.FBIWantedAPITest -->
