<?xml version="1.0" encoding="UTF-8"?>
<!-- Generated by org.testng.reporters.JUnitReportReporter -->
<testsuite hostname="lenovo-Komputer" failures="0" tests="2" name="api.endpoints.TeleportPublicApiTest" time="2.833" errors="0" timestamp="2023-11-02T21:16:09 CET" skipped="0">
  <testcase classname="api.endpoints.TeleportPublicApiTest" name="testGetAfricaContinent" time="2.539"/>
  <system-out/>
  <testcase classname="api.endpoints.TeleportPublicApiTest" name="testGetAlternateNamesForMiamiCity" time="0.294"/>
  <system-out/>
</testsuite> <!-- api.endpoints.TeleportPublicApiTest -->
